<?xml version="1.0" encoding="UTF-8"?>
<!-- Generated by org.testng.reporters.JUnitReportReporter -->
<testsuite skipped="0" hostname="ip-172-31-86-173" name="restAPI.GetRequest" tests="1" failures="0" timestamp="03 Dec 2021 16:19:59 GMT" time="1.351" errors="0">
  <testcase name="getcall" time="1.351" classname="restAPI.GetRequest"/>
</testsuite> <!-- restAPI.GetRequest -->
