<?xml version="1.0" encoding="UTF-8"?>
<!-- Generated by org.testng.reporters.JUnitReportReporter -->
<testsuite skipped="0" hostname="ip-172-31-86-173" name="restAPI.PostRequest" tests="1" failures="0" timestamp="03 Dec 2021 16:22:02 GMT" time="1.668" errors="0">
  <testcase name="Postcall" time="1.668" classname="restAPI.PostRequest"/>
</testsuite> <!-- restAPI.PostRequest -->
